{"C:\\Users\\semillero\\Documents\\Camilo CJ\\Work\\Solvedex\\pruebaTecnica\\src\\index.ts": {"path":"C:\\Users\\semillero\\Documents\\Camilo CJ\\Work\\Solvedex\\pruebaTecnica\\src\\index.ts","statementMap":{"0":{"start":{"line":1,"column":0},"end":{"line":1,"column":29}},"1":{"start":{"line":3,"column":0},"end":{"line":3,"column":27}},"2":{"start":{"line":4,"column":0},"end":{"line":4,"column":37}},"3":{"start":{"line":5,"column":0},"end":{"line":5,"column":29}},"4":{"start":{"line":6,"column":0},"end":{"line":6,"column":23}},"5":{"start":{"line":8,"column":0},"end":{"line":8,"column":null}},"6":{"start":{"line":9,"column":21},"end":{"line":9,"column":30}},"7":{"start":{"line":10,"column":0},"end":{"line":10,"column":null}},"8":{"start":{"line":11,"column":0},"end":{"line":11,"column":null}},"9":{"start":{"line":12,"column":0},"end":{"line":16,"column":null}},"10":{"start":{"line":18,"column":0},"end":{"line":18,"column":null}},"11":{"start":{"line":19,"column":21},"end":{"line":19,"column":61}},"12":{"start":{"line":21,"column":0},"end":{"line":27,"column":null}},"13":{"start":{"line":22,"column":2},"end":{"line":24,"column":null}},"14":{"start":{"line":23,"column":4},"end":{"line":23,"column":null}},"15":{"start":{"line":26,"column":2},"end":{"line":26,"column":null}},"16":{"start":{"line":29,"column":0},"end":{"line":29,"column":null}},"17":{"start":{"line":30,"column":0},"end":{"line":30,"column":null}}},"fnMap":{"0":{"name":"(anonymous_1)","decl":{"start":{"line":21,"column":8},"end":{"line":21,"column":11}},"loc":{"start":{"line":21,"column":13},"end":{"line":25,"column":1}}},"1":{"name":"(anonymous_2)","decl":{"start":{"line":22,"column":19},"end":{"line":22,"column":22}},"loc":{"start":{"line":22,"column":24},"end":{"line":24,"column":3}}},"2":{"name":"(anonymous_3)","decl":{"start":{"line":25,"column":9},"end":{"line":25,"column":10}},"loc":{"start":{"line":25,"column":17},"end":{"line":27,"column":1}}}},"branchMap":{"0":{"loc":{"start":{"line":19,"column":21},"end":{"line":19,"column":61}},"type":"binary-expr","locations":[{"start":{"line":19,"column":21},"end":{"line":19,"column":53}},{"start":{"line":19,"column":57},"end":{"line":19,"column":61}}]},"1":{"loc":{"start":{"line":19,"column":30},"end":{"line":19,"column":52}},"type":"binary-expr","locations":[{"start":{"line":19,"column":30},"end":{"line":19,"column":46}},{"start":{"line":19,"column":50},"end":{"line":19,"column":52}}]}},"s":{"0":1,"1":1,"2":1,"3":1,"4":1,"5":1,"6":1,"7":1,"8":1,"9":1,"10":1,"11":1,"12":1,"13":1,"14":1,"15":0,"16":1,"17":1},"f":{"0":1,"1":1,"2":0},"b":{"0":[1,0],"1":[1,0]}}
,"C:\\Users\\semillero\\Documents\\Camilo CJ\\Work\\Solvedex\\pruebaTecnica\\src\\config\\connect.ts": {"path":"C:\\Users\\semillero\\Documents\\Camilo CJ\\Work\\Solvedex\\pruebaTecnica\\src\\config\\connect.ts","statementMap":{"0":{"start":{"line":2,"column":0},"end":{"line":2,"column":28}},"1":{"start":{"line":3,"column":0},"end":{"line":3,"column":32}},"2":{"start":{"line":8,"column":0},"end":{"line":8,"column":16}},"3":{"start":{"line":11,"column":25},"end":{"line":11,"column":84}},"4":{"start":{"line":14,"column":13},"end":{"line":20,"column":3}},"5":{"start":{"line":16,"column":4},"end":{"line":16,"column":40}},"6":{"start":{"line":19,"column":4},"end":{"line":19,"column":21}}},"fnMap":{"0":{"name":"(anonymous_1)","decl":{"start":{"line":14,"column":58},"end":{"line":14,"column":61}},"loc":{"start":{"line":14,"column":63},"end":{"line":17,"column":1}}},"1":{"name":"(anonymous_2)","decl":{"start":{"line":17,"column":9},"end":{"line":17,"column":10}},"loc":{"start":{"line":17,"column":17},"end":{"line":20,"column":1}}}},"branchMap":{"0":{"loc":{"start":{"line":11,"column":25},"end":{"line":11,"column":84}},"type":"binary-expr","locations":[{"start":{"line":11,"column":25},"end":{"line":11,"column":46}},{"start":{"line":11,"column":50},"end":{"line":11,"column":84}}]}},"s":{"0":1,"1":1,"2":1,"3":1,"4":1,"5":1,"6":0},"f":{"0":1,"1":0},"b":{"0":[1,0]}}
,"C:\\Users\\semillero\\Documents\\Camilo CJ\\Work\\Solvedex\\pruebaTecnica\\src\\controller\\comment.controller.ts": {"path":"C:\\Users\\semillero\\Documents\\Camilo CJ\\Work\\Solvedex\\pruebaTecnica\\src\\controller\\comment.controller.ts","statementMap":{"0":{"start":{"line":2,"column":0},"end":{"line":2,"column":56}},"1":{"start":{"line":8,"column":4},"end":{"line":13,"column":5}},"2":{"start":{"line":9,"column":22},"end":{"line":9,"column":59}},"3":{"start":{"line":10,"column":6},"end":{"line":10,"column":43}},"4":{"start":{"line":12,"column":6},"end":{"line":12,"column":41}},"5":{"start":{"line":17,"column":4},"end":{"line":22,"column":5}},"6":{"start":{"line":18,"column":23},"end":{"line":18,"column":75}},"7":{"start":{"line":19,"column":6},"end":{"line":19,"column":44}},"8":{"start":{"line":21,"column":6},"end":{"line":21,"column":41}},"9":{"start":{"line":26,"column":4},"end":{"line":31,"column":5}},"10":{"start":{"line":27,"column":23},"end":{"line":27,"column":53}},"11":{"start":{"line":28,"column":6},"end":{"line":28,"column":44}},"12":{"start":{"line":30,"column":6},"end":{"line":30,"column":41}},"13":{"start":{"line":35,"column":4},"end":{"line":40,"column":5}},"14":{"start":{"line":36,"column":22},"end":{"line":36,"column":64}},"15":{"start":{"line":37,"column":6},"end":{"line":37,"column":43}},"16":{"start":{"line":39,"column":6},"end":{"line":39,"column":41}},"17":{"start":{"line":44,"column":4},"end":{"line":49,"column":5}},"18":{"start":{"line":45,"column":22},"end":{"line":45,"column":72}},"19":{"start":{"line":46,"column":6},"end":{"line":46,"column":43}},"20":{"start":{"line":48,"column":6},"end":{"line":48,"column":41}},"21":{"start":{"line":53,"column":0},"end":{"line":53,"column":33}}},"fnMap":{"0":{"name":"(anonymous_1)","decl":{"start":{"line":7,"column":2},"end":{"line":7,"column":7}},"loc":{"start":{"line":7,"column":42},"end":{"line":14,"column":3}}},"1":{"name":"(anonymous_2)","decl":{"start":{"line":16,"column":2},"end":{"line":16,"column":7}},"loc":{"start":{"line":16,"column":48},"end":{"line":23,"column":3}}},"2":{"name":"(anonymous_3)","decl":{"start":{"line":25,"column":2},"end":{"line":25,"column":7}},"loc":{"start":{"line":25,"column":43},"end":{"line":32,"column":3}}},"3":{"name":"(anonymous_4)","decl":{"start":{"line":34,"column":2},"end":{"line":34,"column":7}},"loc":{"start":{"line":34,"column":42},"end":{"line":41,"column":3}}},"4":{"name":"(anonymous_5)","decl":{"start":{"line":43,"column":2},"end":{"line":43,"column":7}},"loc":{"start":{"line":43,"column":40},"end":{"line":50,"column":3}}}},"branchMap":{},"s":{"0":1,"1":1,"2":1,"3":1,"4":0,"5":1,"6":1,"7":1,"8":0,"9":0,"10":0,"11":0,"12":0,"13":0,"14":0,"15":0,"16":0,"17":1,"18":1,"19":1,"20":0,"21":1},"f":{"0":1,"1":1,"2":0,"3":0,"4":1},"b":{}}
,"C:\\Users\\semillero\\Documents\\Camilo CJ\\Work\\Solvedex\\pruebaTecnica\\src\\controller\\post.controller.ts": {"path":"C:\\Users\\semillero\\Documents\\Camilo CJ\\Work\\Solvedex\\pruebaTecnica\\src\\controller\\post.controller.ts","statementMap":{"0":{"start":{"line":3,"column":0},"end":{"line":3,"column":50}},"1":{"start":{"line":9,"column":4},"end":{"line":14,"column":5}},"2":{"start":{"line":10,"column":19},"end":{"line":10,"column":53}},"3":{"start":{"line":11,"column":6},"end":{"line":11,"column":40}},"4":{"start":{"line":13,"column":6},"end":{"line":13,"column":41}},"5":{"start":{"line":18,"column":4},"end":{"line":23,"column":5}},"6":{"start":{"line":19,"column":20},"end":{"line":19,"column":47}},"7":{"start":{"line":20,"column":6},"end":{"line":20,"column":41}},"8":{"start":{"line":22,"column":6},"end":{"line":22,"column":41}},"9":{"start":{"line":27,"column":4},"end":{"line":32,"column":5}},"10":{"start":{"line":28,"column":19},"end":{"line":28,"column":59}},"11":{"start":{"line":29,"column":6},"end":{"line":29,"column":40}},"12":{"start":{"line":31,"column":6},"end":{"line":31,"column":41}},"13":{"start":{"line":36,"column":4},"end":{"line":41,"column":5}},"14":{"start":{"line":37,"column":19},"end":{"line":37,"column":68}},"15":{"start":{"line":38,"column":6},"end":{"line":38,"column":40}},"16":{"start":{"line":40,"column":6},"end":{"line":40,"column":41}},"17":{"start":{"line":45,"column":4},"end":{"line":50,"column":5}},"18":{"start":{"line":46,"column":19},"end":{"line":46,"column":58}},"19":{"start":{"line":47,"column":6},"end":{"line":47,"column":40}},"20":{"start":{"line":49,"column":6},"end":{"line":49,"column":41}},"21":{"start":{"line":54,"column":0},"end":{"line":54,"column":30}}},"fnMap":{"0":{"name":"(anonymous_1)","decl":{"start":{"line":8,"column":2},"end":{"line":8,"column":7}},"loc":{"start":{"line":8,"column":42},"end":{"line":15,"column":3}}},"1":{"name":"(anonymous_2)","decl":{"start":{"line":17,"column":2},"end":{"line":17,"column":7}},"loc":{"start":{"line":17,"column":43},"end":{"line":24,"column":3}}},"2":{"name":"(anonymous_3)","decl":{"start":{"line":26,"column":2},"end":{"line":26,"column":7}},"loc":{"start":{"line":26,"column":43},"end":{"line":33,"column":3}}},"3":{"name":"(anonymous_4)","decl":{"start":{"line":35,"column":2},"end":{"line":35,"column":7}},"loc":{"start":{"line":35,"column":42},"end":{"line":42,"column":3}}},"4":{"name":"(anonymous_5)","decl":{"start":{"line":44,"column":2},"end":{"line":44,"column":7}},"loc":{"start":{"line":44,"column":42},"end":{"line":51,"column":3}}}},"branchMap":{},"s":{"0":1,"1":1,"2":1,"3":1,"4":0,"5":1,"6":1,"7":1,"8":0,"9":1,"10":1,"11":1,"12":0,"13":1,"14":1,"15":1,"16":0,"17":1,"18":1,"19":1,"20":0,"21":1},"f":{"0":1,"1":1,"2":1,"3":1,"4":1},"b":{}}
,"C:\\Users\\semillero\\Documents\\Camilo CJ\\Work\\Solvedex\\pruebaTecnica\\src\\controller\\user.controller.ts": {"path":"C:\\Users\\semillero\\Documents\\Camilo CJ\\Work\\Solvedex\\pruebaTecnica\\src\\controller\\user.controller.ts","statementMap":{"0":{"start":{"line":3,"column":0},"end":{"line":3,"column":50}},"1":{"start":{"line":11,"column":4},"end":{"line":18,"column":5}},"2":{"start":{"line":12,"column":34},"end":{"line":12,"column":42}},"3":{"start":{"line":14,"column":20},"end":{"line":14,"column":60}},"4":{"start":{"line":15,"column":6},"end":{"line":15,"column":41}},"5":{"start":{"line":17,"column":6},"end":{"line":17,"column":41}},"6":{"start":{"line":23,"column":4},"end":{"line":29,"column":5}},"7":{"start":{"line":25,"column":19},"end":{"line":25,"column":53}},"8":{"start":{"line":26,"column":6},"end":{"line":26,"column":40}},"9":{"start":{"line":28,"column":6},"end":{"line":28,"column":41}},"10":{"start":{"line":33,"column":4},"end":{"line":38,"column":5}},"11":{"start":{"line":34,"column":20},"end":{"line":34,"column":47}},"12":{"start":{"line":35,"column":6},"end":{"line":35,"column":41}},"13":{"start":{"line":37,"column":6},"end":{"line":37,"column":41}},"14":{"start":{"line":42,"column":4},"end":{"line":47,"column":5}},"15":{"start":{"line":43,"column":19},"end":{"line":43,"column":59}},"16":{"start":{"line":44,"column":6},"end":{"line":44,"column":40}},"17":{"start":{"line":46,"column":6},"end":{"line":46,"column":41}},"18":{"start":{"line":53,"column":0},"end":{"line":53,"column":30}}},"fnMap":{"0":{"name":"(anonymous_1)","decl":{"start":{"line":10,"column":2},"end":{"line":10,"column":7}},"loc":{"start":{"line":10,"column":41},"end":{"line":19,"column":3}}},"1":{"name":"(anonymous_2)","decl":{"start":{"line":22,"column":2},"end":{"line":22,"column":7}},"loc":{"start":{"line":22,"column":42},"end":{"line":30,"column":3}}},"2":{"name":"(anonymous_3)","decl":{"start":{"line":32,"column":2},"end":{"line":32,"column":7}},"loc":{"start":{"line":32,"column":43},"end":{"line":39,"column":3}}},"3":{"name":"(anonymous_4)","decl":{"start":{"line":41,"column":2},"end":{"line":41,"column":7}},"loc":{"start":{"line":41,"column":43},"end":{"line":48,"column":3}}}},"branchMap":{},"s":{"0":1,"1":0,"2":0,"3":0,"4":0,"5":0,"6":3,"7":3,"8":3,"9":0,"10":1,"11":1,"12":1,"13":0,"14":1,"15":1,"16":1,"17":0,"18":1},"f":{"0":0,"1":3,"2":1,"3":1},"b":{}}
,"C:\\Users\\semillero\\Documents\\Camilo CJ\\Work\\Solvedex\\pruebaTecnica\\src\\middleware\\auth.ts": {"path":"C:\\Users\\semillero\\Documents\\Camilo CJ\\Work\\Solvedex\\pruebaTecnica\\src\\middleware\\auth.ts","statementMap":{"0":{"start":{"line":4,"column":0},"end":{"line":4,"column":30}},"1":{"start":{"line":5,"column":0},"end":{"line":5,"column":27}},"2":{"start":{"line":7,"column":0},"end":{"line":7,"column":null}},"3":{"start":{"line":9,"column":18},"end":{"line":9,"column":57}},"4":{"start":{"line":10,"column":25},"end":{"line":10,"column":54}},"5":{"start":{"line":12,"column":13},"end":{"line":35,"column":1}},"6":{"start":{"line":13,"column":2},"end":{"line":34,"column":3}},"7":{"start":{"line":15,"column":16},"end":{"line":15,"column":56}},"8":{"start":{"line":16,"column":4},"end":{"line":18,"column":5}},"9":{"start":{"line":17,"column":6},"end":{"line":17,"column":null}},"10":{"start":{"line":21,"column":4},"end":{"line":23,"column":5}},"11":{"start":{"line":22,"column":6},"end":{"line":22,"column":null}},"12":{"start":{"line":26,"column":20},"end":{"line":26,"column":48}},"13":{"start":{"line":27,"column":4},"end":{"line":27,"column":null}},"14":{"start":{"line":30,"column":4},"end":{"line":30,"column":null}},"15":{"start":{"line":33,"column":4},"end":{"line":33,"column":null}},"16":{"start":{"line":37,"column":22},"end":{"line":47,"column":1}},"17":{"start":{"line":38,"column":2},"end":{"line":46,"column":3}},"18":{"start":{"line":39,"column":18},"end":{"line":41,"column":6}},"19":{"start":{"line":42,"column":4},"end":{"line":42,"column":null}},"20":{"start":{"line":45,"column":4},"end":{"line":45,"column":null}},"21":{"start":{"line":50,"column":2},"end":{"line":50,"column":null}},"22":{"start":{"line":55,"column":2},"end":{"line":61,"column":3}},"23":{"start":{"line":56,"column":20},"end":{"line":56,"column":67}},"24":{"start":{"line":57,"column":4},"end":{"line":57,"column":null}},"25":{"start":{"line":60,"column":4},"end":{"line":60,"column":null}},"26":{"start":{"line":65,"column":2},"end":{"line":88,"column":3}},"27":{"start":{"line":66,"column":2},"end":{"line":88,"column":3}},"28":{"start":{"line":68,"column":18},"end":{"line":68,"column":58}},"29":{"start":{"line":69,"column":4},"end":{"line":71,"column":5}},"30":{"start":{"line":70,"column":6},"end":{"line":70,"column":null}},"31":{"start":{"line":74,"column":4},"end":{"line":87,"column":null}},"32":{"start":{"line":75,"column":6},"end":{"line":77,"column":7}},"33":{"start":{"line":76,"column":8},"end":{"line":76,"column":null}},"34":{"start":{"line":78,"column":6},"end":{"line":83,"column":7}},"35":{"start":{"line":79,"column":8},"end":{"line":82,"column":null}},"36":{"start":{"line":86,"column":6},"end":{"line":86,"column":null}},"37":{"start":{"line":92,"column":2},"end":{"line":92,"column":null}},"38":{"start":{"line":93,"column":23},"end":{"line":93,"column":58}},"39":{"start":{"line":94,"column":2},"end":{"line":97,"column":null}},"40":{"start":{"line":101,"column":21},"end":{"line":105,"column":null}},"41":{"start":{"line":107,"column":0},"end":{"line":107,"column":null}}},"fnMap":{"0":{"name":"(anonymous_1)","decl":{"start":{"line":12,"column":13},"end":{"line":12,"column":18}},"loc":{"start":{"line":12,"column":71},"end":{"line":35,"column":1}}},"1":{"name":"(anonymous_2)","decl":{"start":{"line":37,"column":22},"end":{"line":37,"column":23}},"loc":{"start":{"line":37,"column":45},"end":{"line":47,"column":1}}},"2":{"name":"isJwtPayload","decl":{"start":{"line":49,"column":9},"end":{"line":49,"column":21}},"loc":{"start":{"line":49,"column":34},"end":{"line":51,"column":1}}},"3":{"name":"isTokenExpired","decl":{"start":{"line":54,"column":9},"end":{"line":54,"column":23}},"loc":{"start":{"line":54,"column":37},"end":{"line":62,"column":1}}},"4":{"name":"(anonymous_5)","decl":{"start":{"line":65,"column":2},"end":{"line":65,"column":3}},"loc":{"start":{"line":66,"column":2},"end":{"line":88,"column":3}}},"5":{"name":"(anonymous_6)","decl":{"start":{"line":66,"column":2},"end":{"line":66,"column":3}},"loc":{"start":{"line":66,"column":54},"end":{"line":88,"column":3}}},"6":{"name":"(anonymous_7)","decl":{"start":{"line":74,"column":33},"end":{"line":74,"column":34}},"loc":{"start":{"line":74,"column":50},"end":{"line":87,"column":5}}},"7":{"name":"refreshToken","decl":{"start":{"line":91,"column":9},"end":{"line":91,"column":21}},"loc":{"start":{"line":91,"column":35},"end":{"line":98,"column":1}}}},"branchMap":{"0":{"loc":{"start":{"line":9,"column":18},"end":{"line":9,"column":57}},"type":"binary-expr","locations":[{"start":{"line":9,"column":18},"end":{"line":9,"column":40}},{"start":{"line":9,"column":44},"end":{"line":9,"column":57}}]},"1":{"loc":{"start":{"line":16,"column":4},"end":{"line":18,"column":5}},"type":"if","locations":[{"start":{"line":16,"column":4},"end":{"line":18,"column":5}}]},"2":{"loc":{"start":{"line":21,"column":4},"end":{"line":23,"column":5}},"type":"if","locations":[{"start":{"line":21,"column":4},"end":{"line":23,"column":5}}]},"3":{"loc":{"start":{"line":40,"column":17},"end":{"line":40,"column":57}},"type":"binary-expr","locations":[{"start":{"line":40,"column":17},"end":{"line":40,"column":48}},{"start":{"line":40,"column":52},"end":{"line":40,"column":57}}]},"4":{"loc":{"start":{"line":50,"column":9},"end":{"line":50,"column":68}},"type":"binary-expr","locations":[{"start":{"line":50,"column":9},"end":{"line":50,"column":16}},{"start":{"line":50,"column":20},"end":{"line":50,"column":47}},{"start":{"line":50,"column":51},"end":{"line":50,"column":68}}]},"5":{"loc":{"start":{"line":69,"column":4},"end":{"line":71,"column":5}},"type":"if","locations":[{"start":{"line":69,"column":4},"end":{"line":71,"column":5}}]},"6":{"loc":{"start":{"line":75,"column":6},"end":{"line":77,"column":7}},"type":"if","locations":[{"start":{"line":75,"column":6},"end":{"line":77,"column":7}}]},"7":{"loc":{"start":{"line":78,"column":6},"end":{"line":83,"column":7}},"type":"if","locations":[{"start":{"line":78,"column":6},"end":{"line":83,"column":7}}]},"8":{"loc":{"start":{"line":78,"column":10},"end":{"line":78,"column":73}},"type":"binary-expr","locations":[{"start":{"line":78,"column":10},"end":{"line":78,"column":32}},{"start":{"line":78,"column":36},"end":{"line":78,"column":73}}]}},"s":{"0":1,"1":1,"2":1,"3":1,"4":1,"5":1,"6":8,"7":8,"8":8,"9":0,"10":8,"11":0,"12":8,"13":8,"14":8,"15":0,"16":1,"17":8,"18":8,"19":8,"20":0,"21":0,"22":8,"23":8,"24":8,"25":0,"26":1,"27":0,"28":0,"29":0,"30":0,"31":0,"32":0,"33":0,"34":0,"35":0,"36":0,"37":0,"38":0,"39":0,"40":1,"41":1},"f":{"0":8,"1":8,"2":0,"3":8,"4":0,"5":0,"6":0,"7":0},"b":{"0":[1,0],"1":[0],"2":[0],"3":[8,8],"4":[0,0,0],"5":[0],"6":[0],"7":[0],"8":[0,0]}}
,"C:\\Users\\semillero\\Documents\\Camilo CJ\\Work\\Solvedex\\pruebaTecnica\\src\\model\\comment.model.ts": {"path":"C:\\Users\\semillero\\Documents\\Camilo CJ\\Work\\Solvedex\\pruebaTecnica\\src\\model\\comment.model.ts","statementMap":{"0":{"start":{"line":1,"column":0},"end":{"line":1,"column":32}},"1":{"start":{"line":15,"column":22},"end":{"line":26,"column":null}},"2":{"start":{"line":29,"column":16},"end":{"line":29,"column":73}},"3":{"start":{"line":31,"column":0},"end":{"line":31,"column":23}}},"fnMap":{},"branchMap":{},"s":{"0":1,"1":1,"2":1,"3":1},"f":{},"b":{}}
,"C:\\Users\\semillero\\Documents\\Camilo CJ\\Work\\Solvedex\\pruebaTecnica\\src\\model\\post.model.ts": {"path":"C:\\Users\\semillero\\Documents\\Camilo CJ\\Work\\Solvedex\\pruebaTecnica\\src\\model\\post.model.ts","statementMap":{"0":{"start":{"line":1,"column":0},"end":{"line":1,"column":31}},"1":{"start":{"line":16,"column":19},"end":{"line":28,"column":null}},"2":{"start":{"line":31,"column":18},"end":{"line":31,"column":66}},"3":{"start":{"line":33,"column":0},"end":{"line":33,"column":null}}},"fnMap":{},"branchMap":{},"s":{"0":1,"1":1,"2":1,"3":1},"f":{},"b":{}}
,"C:\\Users\\semillero\\Documents\\Camilo CJ\\Work\\Solvedex\\pruebaTecnica\\src\\model\\user.model.ts": {"path":"C:\\Users\\semillero\\Documents\\Camilo CJ\\Work\\Solvedex\\pruebaTecnica\\src\\model\\user.model.ts","statementMap":{"0":{"start":{"line":2,"column":0},"end":{"line":2,"column":32}},"1":{"start":{"line":21,"column":19},"end":{"line":47,"column":null}},"2":{"start":{"line":51,"column":18},"end":{"line":51,"column":66}},"3":{"start":{"line":54,"column":0},"end":{"line":54,"column":25}}},"fnMap":{},"branchMap":{},"s":{"0":1,"1":1,"2":1,"3":1},"f":{},"b":{}}
,"C:\\Users\\semillero\\Documents\\Camilo CJ\\Work\\Solvedex\\pruebaTecnica\\src\\routes\\index.ts": {"path":"C:\\Users\\semillero\\Documents\\Camilo CJ\\Work\\Solvedex\\pruebaTecnica\\src\\routes\\index.ts","statementMap":{"0":{"start":{"line":3,"column":0},"end":{"line":3,"column":59}},"1":{"start":{"line":4,"column":0},"end":{"line":4,"column":59}},"2":{"start":{"line":5,"column":0},"end":{"line":5,"column":65}},"3":{"start":{"line":6,"column":0},"end":{"line":6,"column":46}},"4":{"start":{"line":8,"column":23},"end":{"line":8,"column":43}},"5":{"start":{"line":9,"column":23},"end":{"line":9,"column":43}},"6":{"start":{"line":10,"column":26},"end":{"line":10,"column":49}},"7":{"start":{"line":12,"column":15},"end":{"line":31,"column":1}},"8":{"start":{"line":14,"column":2},"end":{"line":14,"column":43}},"9":{"start":{"line":16,"column":2},"end":{"line":16,"column":44}},"10":{"start":{"line":17,"column":2},"end":{"line":17,"column":44}},"11":{"start":{"line":18,"column":2},"end":{"line":18,"column":48}},"12":{"start":{"line":20,"column":2},"end":{"line":20,"column":63}},"13":{"start":{"line":21,"column":2},"end":{"line":21,"column":63}},"14":{"start":{"line":22,"column":2},"end":{"line":22,"column":67}},"15":{"start":{"line":23,"column":2},"end":{"line":23,"column":66}},"16":{"start":{"line":24,"column":2},"end":{"line":24,"column":69}},"17":{"start":{"line":26,"column":2},"end":{"line":26,"column":69}},"18":{"start":{"line":27,"column":2},"end":{"line":27,"column":82}},"19":{"start":{"line":28,"column":2},"end":{"line":28,"column":70}},"20":{"start":{"line":29,"column":2},"end":{"line":29,"column":69}},"21":{"start":{"line":30,"column":2},"end":{"line":30,"column":75}},"22":{"start":{"line":33,"column":0},"end":{"line":33,"column":22}}},"fnMap":{"0":{"name":"(anonymous_1)","decl":{"start":{"line":12,"column":15},"end":{"line":12,"column":16}},"loc":{"start":{"line":12,"column":32},"end":{"line":31,"column":1}}}},"branchMap":{},"s":{"0":1,"1":1,"2":1,"3":1,"4":1,"5":1,"6":1,"7":1,"8":1,"9":1,"10":1,"11":1,"12":1,"13":1,"14":1,"15":1,"16":1,"17":1,"18":1,"19":1,"20":1,"21":1,"22":1},"f":{"0":1},"b":{}}
,"C:\\Users\\semillero\\Documents\\Camilo CJ\\Work\\Solvedex\\pruebaTecnica\\src\\service\\comment.service.ts": {"path":"C:\\Users\\semillero\\Documents\\Camilo CJ\\Work\\Solvedex\\pruebaTecnica\\src\\service\\comment.service.ts","statementMap":{"0":{"start":{"line":1,"column":0},"end":{"line":1,"column":67}},"1":{"start":{"line":2,"column":0},"end":{"line":2,"column":43}},"2":{"start":{"line":3,"column":0},"end":{"line":3,"column":43}},"3":{"start":{"line":7,"column":2},"end":{"line":15,"column":null}},"4":{"start":{"line":8,"column":4},"end":{"line":14,"column":5}},"5":{"start":{"line":9,"column":6},"end":{"line":11,"column":7}},"6":{"start":{"line":10,"column":8},"end":{"line":10,"column":null}},"7":{"start":{"line":13,"column":6},"end":{"line":13,"column":null}},"8":{"start":{"line":17,"column":2},"end":{"line":26,"column":null}},"9":{"start":{"line":18,"column":4},"end":{"line":25,"column":5}},"10":{"start":{"line":19,"column":19},"end":{"line":19,"column":51}},"11":{"start":{"line":20,"column":6},"end":{"line":22,"column":7}},"12":{"start":{"line":21,"column":8},"end":{"line":21,"column":null}},"13":{"start":{"line":24,"column":6},"end":{"line":24,"column":null}},"14":{"start":{"line":28,"column":2},"end":{"line":38,"column":null}},"15":{"start":{"line":29,"column":4},"end":{"line":37,"column":5}},"16":{"start":{"line":30,"column":19},"end":{"line":30,"column":51}},"17":{"start":{"line":31,"column":6},"end":{"line":33,"column":7}},"18":{"start":{"line":32,"column":8},"end":{"line":32,"column":null}},"19":{"start":{"line":34,"column":6},"end":{"line":34,"column":null}},"20":{"start":{"line":36,"column":6},"end":{"line":36,"column":null}},"21":{"start":{"line":41,"column":4},"end":{"line":53,"column":5}},"22":{"start":{"line":42,"column":6},"end":{"line":42,"column":null}},"23":{"start":{"line":43,"column":6},"end":{"line":43,"column":null}},"24":{"start":{"line":44,"column":19},"end":{"line":44,"column":58}},"25":{"start":{"line":46,"column":25},"end":{"line":46,"column":59}},"26":{"start":{"line":47,"column":6},"end":{"line":47,"column":null}},"27":{"start":{"line":48,"column":6},"end":{"line":48,"column":null}},"28":{"start":{"line":50,"column":6},"end":{"line":50,"column":null}},"29":{"start":{"line":52,"column":6},"end":{"line":52,"column":null}},"30":{"start":{"line":57,"column":4},"end":{"line":62,"column":5}},"31":{"start":{"line":58,"column":23},"end":{"line":58,"column":48}},"32":{"start":{"line":59,"column":6},"end":{"line":59,"column":null}},"33":{"start":{"line":61,"column":6},"end":{"line":61,"column":null}},"34":{"start":{"line":66,"column":4},"end":{"line":71,"column":5}},"35":{"start":{"line":67,"column":23},"end":{"line":67,"column":66}},"36":{"start":{"line":68,"column":6},"end":{"line":68,"column":null}},"37":{"start":{"line":70,"column":6},"end":{"line":70,"column":null}},"38":{"start":{"line":75,"column":4},"end":{"line":85,"column":5}},"39":{"start":{"line":76,"column":29},"end":{"line":76,"column":69}},"40":{"start":{"line":77,"column":6},"end":{"line":80,"column":null}},"41":{"start":{"line":82,"column":6},"end":{"line":82,"column":null}},"42":{"start":{"line":84,"column":6},"end":{"line":84,"column":null}},"43":{"start":{"line":89,"column":4},"end":{"line":100,"column":5}},"44":{"start":{"line":90,"column":29},"end":{"line":95,"column":null}},"45":{"start":{"line":97,"column":6},"end":{"line":97,"column":null}},"46":{"start":{"line":99,"column":6},"end":{"line":99,"column":null}},"47":{"start":{"line":104,"column":0},"end":{"line":104,"column":null}}},"fnMap":{"0":{"name":"(anonymous_1)","decl":{"start":{"line":5,"column":0},"end":{"line":5,"column":6}},"loc":{"start":{"line":5,"column":0},"end":{"line":102,"column":1}}},"1":{"name":"(anonymous_2)","decl":{"start":{"line":7,"column":20},"end":{"line":7,"column":25}},"loc":{"start":{"line":7,"column":46},"end":{"line":15,"column":3}}},"2":{"name":"(anonymous_3)","decl":{"start":{"line":17,"column":17},"end":{"line":17,"column":22}},"loc":{"start":{"line":17,"column":42},"end":{"line":26,"column":3}}},"3":{"name":"(anonymous_4)","decl":{"start":{"line":28,"column":17},"end":{"line":28,"column":22}},"loc":{"start":{"line":28,"column":42},"end":{"line":38,"column":3}}},"4":{"name":"(anonymous_5)","decl":{"start":{"line":40,"column":2},"end":{"line":40,"column":7}},"loc":{"start":{"line":40,"column":36},"end":{"line":54,"column":3}}},"5":{"name":"(anonymous_6)","decl":{"start":{"line":56,"column":2},"end":{"line":56,"column":7}},"loc":{"start":{"line":56,"column":15},"end":{"line":63,"column":3}}},"6":{"name":"(anonymous_7)","decl":{"start":{"line":65,"column":2},"end":{"line":65,"column":7}},"loc":{"start":{"line":65,"column":35},"end":{"line":72,"column":3}}},"7":{"name":"(anonymous_8)","decl":{"start":{"line":74,"column":2},"end":{"line":74,"column":7}},"loc":{"start":{"line":74,"column":25},"end":{"line":86,"column":3}}},"8":{"name":"(anonymous_9)","decl":{"start":{"line":88,"column":2},"end":{"line":88,"column":7}},"loc":{"start":{"line":88,"column":46},"end":{"line":101,"column":3}}}},"branchMap":{"0":{"loc":{"start":{"line":9,"column":6},"end":{"line":11,"column":7}},"type":"if","locations":[{"start":{"line":9,"column":6},"end":{"line":11,"column":7}}]},"1":{"loc":{"start":{"line":20,"column":6},"end":{"line":22,"column":7}},"type":"if","locations":[{"start":{"line":20,"column":6},"end":{"line":22,"column":7}}]},"2":{"loc":{"start":{"line":31,"column":6},"end":{"line":33,"column":7}},"type":"if","locations":[{"start":{"line":31,"column":6},"end":{"line":33,"column":7}}]}},"s":{"0":1,"1":1,"2":1,"3":1,"4":1,"5":1,"6":0,"7":0,"8":1,"9":1,"10":1,"11":1,"12":0,"13":0,"14":1,"15":1,"16":1,"17":1,"18":0,"19":1,"20":0,"21":1,"22":1,"23":1,"24":1,"25":1,"26":1,"27":1,"28":1,"29":0,"30":0,"31":0,"32":0,"33":0,"34":1,"35":1,"36":1,"37":0,"38":0,"39":0,"40":0,"41":0,"42":0,"43":1,"44":1,"45":1,"46":0,"47":1},"f":{"0":1,"1":1,"2":1,"3":1,"4":1,"5":0,"6":1,"7":0,"8":1},"b":{"0":[0],"1":[0],"2":[0]}}
,"C:\\Users\\semillero\\Documents\\Camilo CJ\\Work\\Solvedex\\pruebaTecnica\\src\\service\\post.service.ts": {"path":"C:\\Users\\semillero\\Documents\\Camilo CJ\\Work\\Solvedex\\pruebaTecnica\\src\\service\\post.service.ts","statementMap":{"0":{"start":{"line":1,"column":0},"end":{"line":1,"column":58}},"1":{"start":{"line":2,"column":0},"end":{"line":2,"column":43}},"2":{"start":{"line":3,"column":0},"end":{"line":3,"column":44}},"3":{"start":{"line":6,"column":2},"end":{"line":17,"column":null}},"4":{"start":{"line":7,"column":4},"end":{"line":16,"column":5}},"5":{"start":{"line":8,"column":6},"end":{"line":10,"column":7}},"6":{"start":{"line":9,"column":8},"end":{"line":9,"column":null}},"7":{"start":{"line":11,"column":6},"end":{"line":13,"column":7}},"8":{"start":{"line":12,"column":8},"end":{"line":12,"column":null}},"9":{"start":{"line":15,"column":6},"end":{"line":15,"column":null}},"10":{"start":{"line":20,"column":4},"end":{"line":36,"column":5}},"11":{"start":{"line":21,"column":6},"end":{"line":21,"column":null}},"12":{"start":{"line":23,"column":19},"end":{"line":23,"column":56}},"13":{"start":{"line":24,"column":6},"end":{"line":26,"column":7}},"14":{"start":{"line":25,"column":8},"end":{"line":25,"column":null}},"15":{"start":{"line":28,"column":22},"end":{"line":28,"column":50}},"16":{"start":{"line":30,"column":6},"end":{"line":30,"column":null}},"17":{"start":{"line":31,"column":6},"end":{"line":31,"column":null}},"18":{"start":{"line":33,"column":6},"end":{"line":33,"column":null}},"19":{"start":{"line":35,"column":6},"end":{"line":35,"column":null}},"20":{"start":{"line":40,"column":4},"end":{"line":45,"column":5}},"21":{"start":{"line":41,"column":20},"end":{"line":41,"column":42}},"22":{"start":{"line":42,"column":6},"end":{"line":42,"column":null}},"23":{"start":{"line":44,"column":6},"end":{"line":44,"column":null}},"24":{"start":{"line":49,"column":4},"end":{"line":54,"column":5}},"25":{"start":{"line":50,"column":19},"end":{"line":50,"column":47}},"26":{"start":{"line":51,"column":6},"end":{"line":51,"column":null}},"27":{"start":{"line":53,"column":6},"end":{"line":53,"column":null}},"28":{"start":{"line":58,"column":4},"end":{"line":65,"column":5}},"29":{"start":{"line":59,"column":26},"end":{"line":61,"column":8}},"30":{"start":{"line":62,"column":6},"end":{"line":62,"column":null}},"31":{"start":{"line":64,"column":6},"end":{"line":64,"column":null}},"32":{"start":{"line":69,"column":4},"end":{"line":77,"column":5}},"33":{"start":{"line":70,"column":6},"end":{"line":70,"column":null}},"34":{"start":{"line":71,"column":6},"end":{"line":71,"column":null}},"35":{"start":{"line":72,"column":26},"end":{"line":72,"column":63}},"36":{"start":{"line":74,"column":6},"end":{"line":74,"column":null}},"37":{"start":{"line":76,"column":6},"end":{"line":76,"column":null}},"38":{"start":{"line":81,"column":0},"end":{"line":81,"column":null}}},"fnMap":{"0":{"name":"(anonymous_1)","decl":{"start":{"line":5,"column":0},"end":{"line":5,"column":6}},"loc":{"start":{"line":5,"column":0},"end":{"line":79,"column":1}}},"1":{"name":"(anonymous_2)","decl":{"start":{"line":6,"column":17},"end":{"line":6,"column":22}},"loc":{"start":{"line":6,"column":58},"end":{"line":17,"column":3}}},"2":{"name":"(anonymous_3)","decl":{"start":{"line":19,"column":2},"end":{"line":19,"column":7}},"loc":{"start":{"line":19,"column":30},"end":{"line":37,"column":3}}},"3":{"name":"(anonymous_4)","decl":{"start":{"line":39,"column":2},"end":{"line":39,"column":7}},"loc":{"start":{"line":39,"column":15},"end":{"line":46,"column":3}}},"4":{"name":"(anonymous_5)","decl":{"start":{"line":48,"column":2},"end":{"line":48,"column":7}},"loc":{"start":{"line":48,"column":26},"end":{"line":55,"column":3}}},"5":{"name":"(anonymous_6)","decl":{"start":{"line":57,"column":2},"end":{"line":57,"column":7}},"loc":{"start":{"line":57,"column":42},"end":{"line":66,"column":3}}},"6":{"name":"(anonymous_7)","decl":{"start":{"line":68,"column":2},"end":{"line":68,"column":7}},"loc":{"start":{"line":68,"column":25},"end":{"line":78,"column":3}}}},"branchMap":{"0":{"loc":{"start":{"line":8,"column":6},"end":{"line":10,"column":7}},"type":"if","locations":[{"start":{"line":8,"column":6},"end":{"line":10,"column":7}}]},"1":{"loc":{"start":{"line":11,"column":6},"end":{"line":13,"column":7}},"type":"if","locations":[{"start":{"line":11,"column":6},"end":{"line":13,"column":7}}]},"2":{"loc":{"start":{"line":24,"column":6},"end":{"line":26,"column":7}},"type":"if","locations":[{"start":{"line":24,"column":6},"end":{"line":26,"column":7}}]}},"s":{"0":1,"1":1,"2":1,"3":1,"4":1,"5":1,"6":0,"7":1,"8":0,"9":0,"10":1,"11":1,"12":1,"13":1,"14":0,"15":1,"16":1,"17":1,"18":1,"19":0,"20":1,"21":1,"22":1,"23":0,"24":1,"25":1,"26":1,"27":0,"28":1,"29":1,"30":1,"31":0,"32":1,"33":1,"34":1,"35":1,"36":1,"37":0,"38":1},"f":{"0":1,"1":1,"2":1,"3":1,"4":1,"5":1,"6":1},"b":{"0":[0],"1":[0],"2":[0]}}
,"C:\\Users\\semillero\\Documents\\Camilo CJ\\Work\\Solvedex\\pruebaTecnica\\src\\service\\user.service.ts": {"path":"C:\\Users\\semillero\\Documents\\Camilo CJ\\Work\\Solvedex\\pruebaTecnica\\src\\service\\user.service.ts","statementMap":{"0":{"start":{"line":1,"column":0},"end":{"line":1,"column":58}},"1":{"start":{"line":2,"column":0},"end":{"line":2,"column":27}},"2":{"start":{"line":3,"column":0},"end":{"line":3,"column":45}},"3":{"start":{"line":6,"column":2},"end":{"line":20,"column":null}},"4":{"start":{"line":7,"column":4},"end":{"line":19,"column":5}},"5":{"start":{"line":8,"column":6},"end":{"line":8,"column":null}},"6":{"start":{"line":9,"column":19},"end":{"line":9,"column":59}},"7":{"start":{"line":10,"column":20},"end":{"line":10,"column":56}},"8":{"start":{"line":12,"column":23},"end":{"line":15,"column":null}},"9":{"start":{"line":16,"column":6},"end":{"line":16,"column":null}},"10":{"start":{"line":18,"column":6},"end":{"line":18,"column":null}},"11":{"start":{"line":22,"column":2},"end":{"line":41,"column":null}},"12":{"start":{"line":23,"column":4},"end":{"line":40,"column":5}},"13":{"start":{"line":24,"column":6},"end":{"line":24,"column":null}},"14":{"start":{"line":25,"column":19},"end":{"line":25,"column":60}},"15":{"start":{"line":26,"column":6},"end":{"line":29,"column":7}},"16":{"start":{"line":27,"column":8},"end":{"line":27,"column":null}},"17":{"start":{"line":28,"column":8},"end":{"line":28,"column":null}},"18":{"start":{"line":31,"column":28},"end":{"line":31,"column":73}},"19":{"start":{"line":32,"column":6},"end":{"line":35,"column":7}},"20":{"start":{"line":33,"column":8},"end":{"line":33,"column":null}},"21":{"start":{"line":34,"column":8},"end":{"line":34,"column":null}},"22":{"start":{"line":37,"column":6},"end":{"line":37,"column":null}},"23":{"start":{"line":39,"column":6},"end":{"line":39,"column":null}},"24":{"start":{"line":44,"column":4},"end":{"line":55,"column":5}},"25":{"start":{"line":45,"column":6},"end":{"line":45,"column":null}},"26":{"start":{"line":46,"column":6},"end":{"line":46,"column":null}},"27":{"start":{"line":47,"column":6},"end":{"line":49,"column":7}},"28":{"start":{"line":48,"column":8},"end":{"line":48,"column":null}},"29":{"start":{"line":50,"column":6},"end":{"line":50,"column":null}},"30":{"start":{"line":51,"column":22},"end":{"line":51,"column":50}},"31":{"start":{"line":52,"column":6},"end":{"line":52,"column":null}},"32":{"start":{"line":54,"column":6},"end":{"line":54,"column":null}},"33":{"start":{"line":59,"column":4},"end":{"line":64,"column":5}},"34":{"start":{"line":60,"column":20},"end":{"line":60,"column":42}},"35":{"start":{"line":61,"column":6},"end":{"line":61,"column":null}},"36":{"start":{"line":63,"column":6},"end":{"line":63,"column":null}},"37":{"start":{"line":68,"column":4},"end":{"line":73,"column":5}},"38":{"start":{"line":69,"column":19},"end":{"line":69,"column":47}},"39":{"start":{"line":70,"column":6},"end":{"line":70,"column":null}},"40":{"start":{"line":72,"column":6},"end":{"line":72,"column":null}},"41":{"start":{"line":77,"column":4},"end":{"line":82,"column":5}},"42":{"start":{"line":78,"column":19},"end":{"line":78,"column":60}},"43":{"start":{"line":79,"column":6},"end":{"line":79,"column":null}},"44":{"start":{"line":81,"column":6},"end":{"line":81,"column":null}},"45":{"start":{"line":86,"column":0},"end":{"line":86,"column":null}}},"fnMap":{"0":{"name":"(anonymous_1)","decl":{"start":{"line":5,"column":0},"end":{"line":5,"column":6}},"loc":{"start":{"line":5,"column":0},"end":{"line":84,"column":1}}},"1":{"name":"(anonymous_2)","decl":{"start":{"line":6,"column":10},"end":{"line":6,"column":15}},"loc":{"start":{"line":6,"column":52},"end":{"line":20,"column":3}}},"2":{"name":"(anonymous_3)","decl":{"start":{"line":22,"column":17},"end":{"line":22,"column":22}},"loc":{"start":{"line":22,"column":59},"end":{"line":41,"column":3}}},"3":{"name":"(anonymous_4)","decl":{"start":{"line":43,"column":2},"end":{"line":43,"column":7}},"loc":{"start":{"line":43,"column":30},"end":{"line":56,"column":3}}},"4":{"name":"(anonymous_5)","decl":{"start":{"line":58,"column":2},"end":{"line":58,"column":7}},"loc":{"start":{"line":58,"column":15},"end":{"line":65,"column":3}}},"5":{"name":"(anonymous_6)","decl":{"start":{"line":67,"column":2},"end":{"line":67,"column":7}},"loc":{"start":{"line":67,"column":26},"end":{"line":74,"column":3}}},"6":{"name":"(anonymous_7)","decl":{"start":{"line":76,"column":2},"end":{"line":76,"column":7}},"loc":{"start":{"line":76,"column":33},"end":{"line":83,"column":3}}}},"branchMap":{"0":{"loc":{"start":{"line":26,"column":6},"end":{"line":29,"column":7}},"type":"if","locations":[{"start":{"line":26,"column":6},"end":{"line":29,"column":7}}]},"1":{"loc":{"start":{"line":32,"column":6},"end":{"line":35,"column":7}},"type":"if","locations":[{"start":{"line":32,"column":6},"end":{"line":35,"column":7}}]},"2":{"loc":{"start":{"line":47,"column":6},"end":{"line":49,"column":7}},"type":"if","locations":[{"start":{"line":47,"column":6},"end":{"line":49,"column":7}}]}},"s":{"0":1,"1":1,"2":1,"3":1,"4":0,"5":0,"6":0,"7":0,"8":0,"9":0,"10":0,"11":1,"12":0,"13":0,"14":0,"15":0,"16":0,"17":0,"18":0,"19":0,"20":0,"21":0,"22":0,"23":0,"24":3,"25":3,"26":3,"27":3,"28":0,"29":3,"30":3,"31":3,"32":0,"33":1,"34":1,"35":1,"36":0,"37":1,"38":1,"39":1,"40":0,"41":0,"42":0,"43":0,"44":0,"45":1},"f":{"0":1,"1":0,"2":0,"3":3,"4":1,"5":1,"6":0},"b":{"0":[0],"1":[0],"2":[0]}}
,"C:\\Users\\semillero\\Documents\\Camilo CJ\\Work\\Solvedex\\pruebaTecnica\\tests\\helpers\\connectDBForTesting.ts": {"path":"C:\\Users\\semillero\\Documents\\Camilo CJ\\Work\\Solvedex\\pruebaTecnica\\tests\\helpers\\connectDBForTesting.ts","statementMap":{"0":{"start":{"line":1,"column":0},"end":{"line":1,"column":32}},"1":{"start":{"line":3,"column":0},"end":{"line":3,"column":58}},"2":{"start":{"line":5,"column":15},"end":{"line":5,"column":38}},"3":{"start":{"line":8,"column":2},"end":{"line":17,"column":3}},"4":{"start":{"line":9,"column":18},"end":{"line":9,"column":45}},"5":{"start":{"line":10,"column":19},"end":{"line":10,"column":25}},"6":{"start":{"line":11,"column":4},"end":{"line":14,"column":7}},"7":{"start":{"line":16,"column":4},"end":{"line":16,"column":36}},"8":{"start":{"line":7,"column":0},"end":{"line":7,"column":7}},"9":{"start":{"line":21,"column":2},"end":{"line":25,"column":3}},"10":{"start":{"line":22,"column":4},"end":{"line":22,"column":38}},"11":{"start":{"line":24,"column":4},"end":{"line":24,"column":39}},"12":{"start":{"line":20,"column":0},"end":{"line":20,"column":7}}},"fnMap":{"0":{"name":"connectDBForTesting","decl":{"start":{"line":7,"column":22},"end":{"line":7,"column":41}},"loc":{"start":{"line":7,"column":41},"end":{"line":18,"column":1}}},"1":{"name":"disconnectDBForTesting","decl":{"start":{"line":20,"column":22},"end":{"line":20,"column":44}},"loc":{"start":{"line":20,"column":44},"end":{"line":26,"column":1}}}},"branchMap":{},"s":{"0":1,"1":1,"2":1,"3":5,"4":5,"5":5,"6":5,"7":1,"8":1,"9":3,"10":3,"11":0,"12":1},"f":{"0":5,"1":3},"b":{}}
}
