TN:
SF:src\index.ts
FN:21,(anonymous_1)
FN:23,(anonymous_2)
FN:27,(anonymous_3)
FN:31,(anonymous_4)
FNF:4
FNH:2
FNDA:2,(anonymous_1)
FNDA:1,(anonymous_2)
FNDA:0,(anonymous_3)
FNDA:0,(anonymous_4)
DA:1,2
DA:3,2
DA:4,2
DA:5,2
DA:6,2
DA:8,2
DA:9,2
DA:10,2
DA:11,2
DA:12,2
DA:18,2
DA:19,2
DA:21,2
DA:22,2
DA:23,2
DA:24,1
DA:27,0
DA:28,0
DA:32,0
DA:35,2
DA:36,2
LF:21
LH:18
BRDA:19,0,0,2
BRDA:19,0,1,0
BRDA:19,1,0,2
BRDA:19,1,1,0
BRF:4
BRH:2
end_of_record
TN:
SF:src\config\connect.ts
FN:14,(anonymous_1)
FN:17,(anonymous_2)
FNF:2
FNH:1
FNDA:3,(anonymous_1)
FNDA:0,(anonymous_2)
DA:2,3
DA:3,3
DA:8,3
DA:11,3
DA:14,3
DA:16,3
DA:19,0
LF:7
LH:6
BRDA:11,0,0,3
BRDA:11,0,1,0
BRF:2
BRH:1
end_of_record
TN:
SF:src\controller\comment.controller.ts
FN:7,(anonymous_1)
FN:16,(anonymous_2)
FN:25,(anonymous_3)
FN:34,(anonymous_4)
FN:43,(anonymous_5)
FNF:5
FNH:3
FNDA:1,(anonymous_1)
FNDA:1,(anonymous_2)
FNDA:0,(anonymous_3)
FNDA:0,(anonymous_4)
FNDA:1,(anonymous_5)
DA:2,2
DA:8,1
DA:9,1
DA:10,1
DA:12,0
DA:17,1
DA:18,1
DA:19,1
DA:21,0
DA:26,0
DA:27,0
DA:28,0
DA:30,0
DA:35,0
DA:36,0
DA:37,0
DA:39,0
DA:44,1
DA:45,1
DA:46,1
DA:48,0
DA:53,2
LF:22
LH:11
BRF:0
BRH:0
end_of_record
TN:
SF:src\controller\post.controller.ts
FN:8,(anonymous_1)
FN:17,(anonymous_2)
FN:26,(anonymous_3)
FN:35,(anonymous_4)
FN:44,(anonymous_5)
FNF:5
FNH:0
FNDA:0,(anonymous_1)
FNDA:0,(anonymous_2)
FNDA:0,(anonymous_3)
FNDA:0,(anonymous_4)
FNDA:0,(anonymous_5)
DA:3,2
DA:9,0
DA:10,0
DA:11,0
DA:13,0
DA:18,0
DA:19,0
DA:20,0
DA:22,0
DA:27,0
DA:28,0
DA:29,0
DA:31,0
DA:36,0
DA:37,0
DA:38,0
DA:40,0
DA:45,0
DA:46,0
DA:47,0
DA:49,0
DA:54,2
LF:22
LH:2
BRF:0
BRH:0
end_of_record
TN:
SF:src\controller\user.controller.ts
FN:10,(anonymous_1)
FN:22,(anonymous_2)
FN:32,(anonymous_3)
FN:41,(anonymous_4)
FNF:4
FNH:2
FNDA:0,(anonymous_1)
FNDA:2,(anonymous_2)
FNDA:0,(anonymous_3)
FNDA:1,(anonymous_4)
DA:3,2
DA:11,0
DA:12,0
DA:14,0
DA:15,0
DA:17,0
DA:23,2
DA:25,2
DA:26,2
DA:28,0
DA:33,0
DA:34,0
DA:35,0
DA:37,0
DA:42,1
DA:43,1
DA:44,1
DA:46,0
DA:53,2
LF:19
LH:8
BRF:0
BRH:0
end_of_record
TN:
SF:src\middleware\auth.ts
FN:12,(anonymous_1)
FN:37,(anonymous_2)
FN:49,isJwtPayload
FN:54,isTokenExpired
FN:65,(anonymous_5)
FN:66,(anonymous_6)
FN:74,(anonymous_7)
FN:91,refreshToken
FNF:8
FNH:3
FNDA:3,(anonymous_1)
FNDA:8,(anonymous_2)
FNDA:0,isJwtPayload
FNDA:3,isTokenExpired
FNDA:0,(anonymous_5)
FNDA:0,(anonymous_6)
FNDA:0,(anonymous_7)
FNDA:0,refreshToken
DA:4,3
DA:5,3
DA:7,3
DA:9,3
DA:10,3
DA:12,3
DA:13,3
DA:15,3
DA:16,3
DA:17,0
DA:21,3
DA:22,0
DA:26,3
DA:27,3
DA:30,3
DA:33,0
DA:37,3
DA:38,8
DA:39,8
DA:42,8
DA:45,0
DA:50,0
DA:55,3
DA:56,3
DA:57,3
DA:60,0
DA:65,3
DA:66,0
DA:68,0
DA:69,0
DA:70,0
DA:74,0
DA:75,0
DA:76,0
DA:78,0
DA:79,0
DA:86,0
DA:92,0
DA:93,0
DA:94,0
DA:101,3
DA:107,3
LF:42
LH:23
BRDA:9,0,0,3
BRDA:9,0,1,0
BRDA:16,1,0,0
BRDA:21,2,0,0
BRDA:40,3,0,8
BRDA:40,3,1,8
BRDA:50,4,0,0
BRDA:50,4,1,0
BRDA:50,4,2,0
BRDA:69,5,0,0
BRDA:75,6,0,0
BRDA:78,7,0,0
BRDA:78,8,0,0
BRDA:78,8,1,0
BRF:14
BRH:3
end_of_record
TN:
SF:src\model\comment.model.ts
FNF:0
FNH:0
DA:1,2
DA:15,2
DA:29,2
DA:31,2
LF:4
LH:4
BRF:0
BRH:0
end_of_record
TN:
SF:src\model\post.model.ts
FNF:0
FNH:0
DA:1,3
DA:16,3
DA:31,3
DA:33,3
LF:4
LH:4
BRF:0
BRH:0
end_of_record
TN:
SF:src\model\user.model.ts
FNF:0
FNH:0
DA:2,3
DA:21,3
DA:51,3
DA:54,3
LF:4
LH:4
BRF:0
BRH:0
end_of_record
TN:
SF:src\routes\index.ts
FN:12,(anonymous_1)
FNF:1
FNH:1
FNDA:2,(anonymous_1)
DA:3,2
DA:4,2
DA:5,2
DA:6,2
DA:8,2
DA:9,2
DA:10,2
DA:12,2
DA:14,2
DA:16,2
DA:17,2
DA:18,2
DA:20,2
DA:21,2
DA:22,2
DA:23,2
DA:24,2
DA:26,2
DA:27,2
DA:28,2
DA:29,2
DA:30,2
DA:33,2
LF:23
LH:23
BRF:0
BRH:0
end_of_record
TN:
SF:src\service\comment.service.ts
FN:5,(anonymous_1)
FN:7,(anonymous_2)
FN:17,(anonymous_3)
FN:28,(anonymous_4)
FN:40,(anonymous_5)
FN:56,(anonymous_6)
FN:65,(anonymous_7)
FN:74,(anonymous_8)
FN:88,(anonymous_9)
FNF:9
FNH:7
FNDA:2,(anonymous_1)
FNDA:1,(anonymous_2)
FNDA:1,(anonymous_3)
FNDA:1,(anonymous_4)
FNDA:1,(anonymous_5)
FNDA:0,(anonymous_6)
FNDA:1,(anonymous_7)
FNDA:0,(anonymous_8)
FNDA:1,(anonymous_9)
DA:1,2
DA:2,2
DA:3,2
DA:7,2
DA:8,1
DA:9,1
DA:10,0
DA:13,0
DA:17,2
DA:18,1
DA:19,1
DA:20,1
DA:21,0
DA:24,0
DA:28,2
DA:29,1
DA:30,1
DA:31,1
DA:32,0
DA:34,1
DA:36,0
DA:41,1
DA:42,1
DA:43,1
DA:44,1
DA:46,1
DA:47,1
DA:48,1
DA:50,1
DA:52,0
DA:57,0
DA:58,0
DA:59,0
DA:61,0
DA:66,1
DA:67,1
DA:68,1
DA:70,0
DA:75,0
DA:76,0
DA:77,0
DA:82,0
DA:84,0
DA:89,1
DA:90,1
DA:97,1
DA:99,0
DA:104,2
LF:48
LH:30
BRDA:9,0,0,0
BRDA:20,1,0,0
BRDA:31,2,0,0
BRF:3
BRH:0
end_of_record
TN:
SF:src\service\post.service.ts
FN:4,(anonymous_1)
FN:5,(anonymous_2)
FN:18,(anonymous_3)
FN:38,(anonymous_4)
FN:47,(anonymous_5)
FN:56,(anonymous_6)
FN:67,(anonymous_7)
FNF:7
FNH:1
FNDA:2,(anonymous_1)
FNDA:0,(anonymous_2)
FNDA:0,(anonymous_3)
FNDA:0,(anonymous_4)
FNDA:0,(anonymous_5)
FNDA:0,(anonymous_6)
FNDA:0,(anonymous_7)
DA:1,2
DA:2,2
DA:5,2
DA:6,0
DA:7,0
DA:8,0
DA:10,0
DA:11,0
DA:14,0
DA:19,0
DA:20,0
DA:22,0
DA:23,0
DA:24,0
DA:27,0
DA:29,0
DA:30,0
DA:32,0
DA:34,0
DA:39,0
DA:40,0
DA:41,0
DA:43,0
DA:48,0
DA:49,0
DA:50,0
DA:52,0
DA:57,0
DA:58,0
DA:61,0
DA:63,0
DA:68,0
DA:69,0
DA:70,0
DA:72,0
DA:74,0
DA:79,2
LF:37
LH:4
BRDA:7,0,0,0
BRDA:10,1,0,0
BRDA:23,2,0,0
BRF:3
BRH:0
end_of_record
TN:
SF:src\service\user.service.ts
FN:5,(anonymous_1)
FN:6,(anonymous_2)
FN:22,(anonymous_3)
FN:43,(anonymous_4)
FN:58,(anonymous_5)
FN:67,(anonymous_6)
FN:76,(anonymous_7)
FNF:7
FNH:3
FNDA:2,(anonymous_1)
FNDA:0,(anonymous_2)
FNDA:0,(anonymous_3)
FNDA:2,(anonymous_4)
FNDA:0,(anonymous_5)
FNDA:1,(anonymous_6)
FNDA:0,(anonymous_7)
DA:1,2
DA:2,2
DA:3,2
DA:6,2
DA:7,0
DA:8,0
DA:9,0
DA:10,0
DA:12,0
DA:16,0
DA:18,0
DA:22,2
DA:23,0
DA:24,0
DA:25,0
DA:26,0
DA:27,0
DA:28,0
DA:31,0
DA:32,0
DA:33,0
DA:34,0
DA:37,0
DA:39,0
DA:44,2
DA:45,2
DA:46,2
DA:47,2
DA:48,0
DA:50,2
DA:51,2
DA:52,2
DA:54,0
DA:59,0
DA:60,0
DA:61,0
DA:63,0
DA:68,1
DA:69,1
DA:70,1
DA:72,0
DA:77,0
DA:78,0
DA:79,0
DA:81,0
DA:86,2
LF:46
LH:16
BRDA:26,0,0,0
BRDA:32,1,0,0
BRDA:47,2,0,0
BRF:3
BRH:0
end_of_record
TN:
SF:tests\helpers\connectDBForTesting.ts
FN:7,connectDBForTesting
FN:20,disconnectDBForTesting
FNF:2
FNH:2
FNDA:6,connectDBForTesting
FNDA:6,disconnectDBForTesting
DA:1,3
DA:3,3
DA:5,3
DA:7,3
DA:8,6
DA:9,6
DA:10,6
DA:11,6
DA:16,3
DA:20,3
DA:21,6
DA:22,6
DA:24,0
LF:13
LH:12
BRF:0
BRH:0
end_of_record
